\BOOKMARK [0][-]{chapter.1}{Key Concepts}{}% 1
\BOOKMARK [0][-]{chapter.2}{10/1 - Introduction/Review classical mechanics}{}% 2
\BOOKMARK [0][-]{chapter.3}{10/3 - Lagrangians, calculus of variations}{}% 3
\BOOKMARK [0][-]{chapter.4}{10/8 - Lagrangian examples/Hamiltonian}{}% 4
\BOOKMARK [0][-]{chapter.5}{10/10 - Virtual forces/displacements/work, rederive Lagrangian}{}% 5
\BOOKMARK [0][-]{chapter.6}{10/15 - Makeup notes: Lagrange Multipliers}{}% 6
\BOOKMARK [0][-]{chapter.7}{10/17 - Simple Harmonic Oscillators}{}% 7
\BOOKMARK [0][-]{chapter.8}{10/22 - Planetary Orbits}{}% 8
\BOOKMARK [0][-]{chapter.9}{10/24 - Makeup: Scattering states}{}% 9
\BOOKMARK [0][-]{chapter.10}{10/29 - Makeup: Hamiltonian Formalism}{}% 10
\BOOKMARK [0][-]{chapter.11}{10/31 - Hamiltonian Dynamics II}{}% 11
\BOOKMARK [0][-]{chapter.12}{11/5 - Canonical transformations}{}% 12
\BOOKMARK [0][-]{chapter.13}{11/7 - Action-Angle, Hamilton-Jacobi}{}% 13
\BOOKMARK [0][-]{chapter.14}{11/12 - Rotations}{}% 14
\BOOKMARK [0][-]{chapter.15}{11/14 - Rotation of coordinate systems}{}% 15
\BOOKMARK [0][-]{chapter.16}{11/18 - Rotational dynamics of rigid bodies}{}% 16
\BOOKMARK [0][-]{chapter.17}{11/21 - Euler angles, Torque-driven rotation}{}% 17
\BOOKMARK [0][-]{chapter.18}{11/26 - Rigid body rotation examples}{}% 18
\BOOKMARK [0][-]{chapter.19}{12/3 - Normal modes}{}% 19
\BOOKMARK [0][-]{chapter.20}{12/5 - Continuum Mechanics a.k.a. Ph12a in a single lecture}{}% 20
